<?xml version="1.0" encoding="UTF-8"?>
<testng-results skipped="0" failed="0" ignored="0" total="3" passed="3">
  <reporter-output>
  </reporter-output>
  <suite name="Default suite" duration-ms="31812" started-at="2019-01-01T19:54:29Z" finished-at="2019-01-01T19:55:01Z">
    <groups>
    </groups>
    <test name="Default test" duration-ms="31812" started-at="2019-01-01T19:54:29Z" finished-at="2019-01-01T19:55:01Z">
      <class name="GoogleTest">
        <test-method status="PASS" signature="setup()[pri:0, instance:GoogleTest@68be2bc2]" name="setup" is-config="true" duration-ms="14919" started-at="2019-01-01T19:54:29Z" finished-at="2019-01-01T19:54:44Z">
          <reporter-output>
          </reporter-output>
        </test-method> <!-- setup -->
        <test-method status="PASS" signature="Googlelogotest()[pri:1, instance:GoogleTest@68be2bc2]" name="Googlelogotest" duration-ms="149" started-at="2019-01-01T19:54:44Z" finished-at="2019-01-01T19:54:44Z">
          <reporter-output>
          </reporter-output>
        </test-method> <!-- Googlelogotest -->
        <test-method status="PASS" signature="tearDown()[pri:0, instance:GoogleTest@68be2bc2]" name="tearDown" is-config="true" duration-ms="783" started-at="2019-01-01T19:54:44Z" finished-at="2019-01-01T19:54:45Z">
          <reporter-output>
          </reporter-output>
        </test-method> <!-- tearDown -->
        <test-method status="PASS" signature="setup()[pri:0, instance:GoogleTest@68be2bc2]" name="setup" is-config="true" duration-ms="7129" started-at="2019-01-01T19:54:45Z" finished-at="2019-01-01T19:54:52Z">
          <reporter-output>
          </reporter-output>
        </test-method> <!-- setup -->
        <test-method status="PASS" signature="googletitletest()[pri:2, instance:GoogleTest@68be2bc2]" name="googletitletest" duration-ms="21" started-at="2019-01-01T19:54:52Z" finished-at="2019-01-01T19:54:52Z">
          <reporter-output>
          </reporter-output>
        </test-method> <!-- googletitletest -->
        <test-method status="PASS" signature="tearDown()[pri:0, instance:GoogleTest@68be2bc2]" name="tearDown" is-config="true" duration-ms="772" started-at="2019-01-01T19:54:52Z" finished-at="2019-01-01T19:54:53Z">
          <reporter-output>
          </reporter-output>
        </test-method> <!-- tearDown -->
        <test-method status="PASS" signature="setup()[pri:0, instance:GoogleTest@68be2bc2]" name="setup" is-config="true" duration-ms="7125" started-at="2019-01-01T19:54:53Z" finished-at="2019-01-01T19:55:00Z">
          <reporter-output>
          </reporter-output>
        </test-method> <!-- setup -->
        <test-method status="PASS" signature="Maillinktest()[pri:3, instance:GoogleTest@68be2bc2]" name="Maillinktest" duration-ms="61" started-at="2019-01-01T19:55:00Z" finished-at="2019-01-01T19:55:00Z">
          <reporter-output>
          </reporter-output>
        </test-method> <!-- Maillinktest -->
        <test-method status="PASS" signature="tearDown()[pri:0, instance:GoogleTest@68be2bc2]" name="tearDown" is-config="true" duration-ms="726" started-at="2019-01-01T19:55:00Z" finished-at="2019-01-01T19:55:01Z">
          <reporter-output>
          </reporter-output>
        </test-method> <!-- tearDown -->
      </class> <!-- GoogleTest -->
    </test> <!-- Default test -->
  </suite> <!-- Default suite -->
</testng-results>
